[2025-05-07 15:26:30,166: INFO: main: >>>>>>> stage: Data Ingestion Stage started <<<<<<<<]
[2025-05-07 15:26:30,168: INFO: common: yaml file: config/config.yaml loaded successfully]
[2025-05-07 15:26:30,168: INFO: common: yaml file: params.yaml loaded successfully]
[2025-05-07 15:26:30,170: INFO: common: yaml file: schema.yaml loaded successfully]
[2025-05-07 15:26:30,171: INFO: common: artifacts directory created]
[2025-05-07 15:26:30,177: INFO: common: artifacts/data_ingestion directory created]
[2025-05-07 15:26:31,941: INFO: data_ingestion: artifacts/data_ingestion/data.zip downloaded with the following info: 
Connection: close
Content-Length: 23329
Cache-Control: max-age=300
Content-Security-Policy: default-src 'none'; style-src 'unsafe-inline'; sandbox
Content-Type: application/zip
ETag: "c69888a4ae59bc5a893392785a938ccd4937981c06ba8a9d6a21aa52b4ab5b6e"
Strict-Transport-Security: max-age=31536000
X-Content-Type-Options: nosniff
X-Frame-Options: deny
X-XSS-Protection: 1; mode=block
X-GitHub-Request-Id: 7F7E:160307:114B36C:143B39C:681BAAEE
Accept-Ranges: bytes
Date: Wed, 07 May 2025 19:26:31 GMT
Via: 1.1 varnish
X-Served-By: cache-yyz4549-YYZ
X-Cache: HIT
X-Cache-Hits: 0
X-Timer: S1746645992.772453,VS0,VE66
Vary: Authorization,Accept-Encoding,Origin
Access-Control-Allow-Origin: *
Cross-Origin-Resource-Policy: cross-origin
X-Fastly-Request-ID: 76625e3a2cf814d1be91e60247ec8431b25baf17
Expires: Wed, 07 May 2025 19:31:31 GMT
Source-Age: 0

]
[2025-05-07 15:26:31,943: INFO: data_ingestion: Dataset is unzipped!]
[2025-05-07 15:26:31,943: INFO: main: >>>>>> stage Data Ingestion Stage completed <<<<<< 

x========x]
[2025-05-07 15:26:31,943: INFO: main: >>>>>>> stage: Data Validation Stage started <<<<<<<<]
[2025-05-07 15:26:31,945: INFO: common: yaml file: config/config.yaml loaded successfully]
[2025-05-07 15:26:31,945: INFO: common: yaml file: params.yaml loaded successfully]
[2025-05-07 15:26:31,947: INFO: common: yaml file: schema.yaml loaded successfully]
[2025-05-07 15:26:31,947: INFO: common: artifacts directory created]
[2025-05-07 15:26:31,948: INFO: common: artifacts/data_validation directory created]
[2025-05-07 15:26:31,953: INFO: main: >>>>>> stage Data Validation Stage completed <<<<<< 

x========x]
[2025-05-07 15:26:31,953: INFO: main: >>>>>>> stage: Data Transformation Stage started <<<<<<<<]
[2025-05-07 15:26:31,955: INFO: common: yaml file: config/config.yaml loaded successfully]
[2025-05-07 15:26:31,955: INFO: common: yaml file: params.yaml loaded successfully]
[2025-05-07 15:26:31,957: INFO: common: yaml file: schema.yaml loaded successfully]
[2025-05-07 15:26:31,957: INFO: common: artifacts directory created]
[2025-05-07 15:26:31,958: INFO: common: artifacts/data_transformation directory created]
[2025-05-07 15:26:31,977: INFO: data_transformation: Splitted data into train and test sets]
[2025-05-07 15:26:31,977: INFO: data_transformation: Training data shape: (1199, 12)]
[2025-05-07 15:26:31,977: INFO: data_transformation: Test data shape: (400, 12)]
[2025-05-07 15:26:31,978: INFO: main: >>>>>> stage Data Transformation Stage completed <<<<<< 

x========x]
